Start testing: May 27 13:00 CEST
----------------------------------------------------------
1/2 Testing: tuple_test
1/2 Test: tuple_test
Command: "/Users/arnav25/Desktop/3D_Renderer/build/tests/tuple_test"
Directory: /Users/arnav25/Desktop/3D_Renderer/build/tests
"tuple_test" start time: May 27 13:00 CEST
Output:
----------------------------------------------------------
Running main() from /Users/arnav25/Desktop/3D_Renderer/googletest/googletest/src/gtest_main.cc
[==========] Running 15 tests from 1 test suite.
[----------] Global test environment set-up.
[----------] 15 tests from ExampleTests
[ RUN      ] ExampleTests.TupleDefinition
[       OK ] ExampleTests.TupleDefinition (0 ms)
[ RUN      ] ExampleTests.PointDefinition
[       OK ] ExampleTests.PointDefinition (0 ms)
[ RUN      ] ExampleTests.VectorDefinition
[       OK ] ExampleTests.VectorDefinition (0 ms)
[ RUN      ] ExampleTests.AdditionTest
[       OK ] ExampleTests.AdditionTest (0 ms)
[ RUN      ] ExampleTests.AdditionFail
[       OK ] ExampleTests.AdditionFail (0 ms)
[ RUN      ] ExampleTests.SubtractionTest
[       OK ] ExampleTests.SubtractionTest (0 ms)
[ RUN      ] ExampleTests.SubtractionFail
[       OK ] ExampleTests.SubtractionFail (0 ms)
[ RUN      ] ExampleTests.DivFail
[       OK ] ExampleTests.DivFail (0 ms)
[ RUN      ] ExampleTests.Magnitude
[       OK ] ExampleTests.Magnitude (0 ms)
[ RUN      ] ExampleTests.Normalise
[       OK ] ExampleTests.Normalise (0 ms)
[ RUN      ] ExampleTests.DotProduct
[       OK ] ExampleTests.DotProduct (0 ms)
[ RUN      ] ExampleTests.CrossProduct
[       OK ] ExampleTests.CrossProduct (0 ms)
[ RUN      ] ExampleTests.ColorTest
[       OK ] ExampleTests.ColorTest (0 ms)
[ RUN      ] ExampleTests.ColorAdd
[       OK ] ExampleTests.ColorAdd (0 ms)
[ RUN      ] ExampleTests.ColorMult
3.9
1
[       OK ] ExampleTests.ColorMult (0 ms)
[----------] 15 tests from ExampleTests (0 ms total)

[----------] Global test environment tear-down
[==========] 15 tests from 1 test suite ran. (0 ms total)
[  PASSED  ] 15 tests.
<end of output>
Test time =   0.00 sec
----------------------------------------------------------
Test Passed.
"tuple_test" end time: May 27 13:00 CEST
"tuple_test" time elapsed: 00:00:00
----------------------------------------------------------

2/2 Testing: canvas_test
2/2 Test: canvas_test
Command: "/Users/arnav25/Desktop/3D_Renderer/build/tests/canvas_test"
Directory: /Users/arnav25/Desktop/3D_Renderer/build/tests
"canvas_test" start time: May 27 13:00 CEST
Output:
----------------------------------------------------------
550 900
5.46348 10.8343 
10.917 20.5685 
16.3604 30.2028 
21.7939 39.7371 
27.2174 49.1713 
32.6309 58.5056 
38.0344 67.7399 
43.4279 76.8742 
48.8113 85.9084 
54.1848 94.8427 
59.5483 103.677 
64.9018 112.411 
70.2453 121.046 
75.5788 129.58 
80.9022 138.014 
86.2157 146.348 
91.5192 154.583 
96.8127 162.717 
102.096 170.751 
107.37 178.685 
112.633 186.52 
117.887 194.254 
123.13 201.888 
128.364 209.422 
133.587 216.857 
138.801 224.191 
144.004 231.425 
149.198 238.56 
154.381 245.594 
159.554 252.528 
164.718 259.362 
169.871 266.097 
175.015 272.731 
180.148 279.265 
185.272 285.699 
190.385 292.034 
195.489 298.268 
200.582 304.402 
205.666 310.437 
210.739 316.371 
215.803 322.205 
220.856 327.939 
225.9 333.574 
230.933 339.108 
235.957 344.542 
240.97 349.876 
245.974 355.111 
250.967 360.245 
255.951 365.279 
260.924 370.213 
265.888 375.048 
270.841 379.782 
275.785 384.416 
280.718 388.951 
285.642 393.385 
290.555 397.719 
295.459 401.953 
300.352 406.088 
305.235 410.122 
310.109 414.056 
314.972 417.89 
319.826 421.625 
324.669 425.259 
329.503 428.793 
334.326 432.228 
339.14 435.562 
343.943 438.796 
348.737 441.93 
353.52 444.965 
358.294 447.899 
363.057 450.733 
367.811 453.467 
372.554 456.102 
377.288 458.636 
382.011 461.07 
386.725 463.404 
391.428 465.639 
396.122 467.773 
400.805 469.807 
405.479 471.742 
410.142 473.576 
414.796 475.31 
419.439 476.944 
424.073 478.479 
428.696 479.913 
433.31 481.247 
437.913 482.481 
442.507 483.616 
447.09 484.65 
451.663 485.584 
456.227 486.419 
460.78 487.153 
465.324 487.787 
469.857 488.321 
474.381 488.756 
478.894 489.09 
483.398 489.324 
487.891 489.458 
492.375 489.493 
496.848 489.427 
501.312 489.261 
505.765 488.995 
510.209 488.63 
514.642 488.164 
519.066 487.598 
523.479 486.933 
527.883 486.167 
532.276 485.301 
536.66 484.335 
541.033 483.27 
545.397 482.104 
549.75 480.838 
554.094 479.472 
558.427 478.007 
562.751 476.441 
567.064 474.775 
571.368 473.01 
575.661 471.144 
579.944 469.178 
584.218 467.112 
588.481 464.947 
592.735 462.681 
596.978 460.315 
601.212 457.849 
605.435 455.284 
609.649 452.618 
613.852 449.852 
618.046 446.986 
622.229 444.021 
626.403 440.955 
630.566 437.789 
634.72 434.524 
638.863 431.158 
642.997 427.692 
647.12 424.126 
651.234 420.461 
655.337 416.695 
659.431 412.829 
663.514 408.863 
667.588 404.798 
671.651 400.632 
675.705 396.366 
679.748 392.001 
683.782 387.535 
687.805 382.969 
691.819 378.303 
695.822 373.538 
699.815 368.672 
703.799 363.706 
707.772 358.64 
711.736 353.475 
715.689 348.209 
719.633 342.843 
723.566 337.377 
727.49 331.812 
731.403 326.146 
735.307 320.38 
739.2 314.515 
743.084 308.549 
746.957 302.483 
750.821 296.317 
754.674 290.052 
758.518 283.686 
762.351 277.22 
766.175 270.654 
769.988 263.989 
773.792 257.223 
777.585 250.357 
781.369 243.392 
785.142 236.326 
788.906 229.16 
792.659 221.894 
796.403 214.529 
800.136 207.063 
803.86 199.497 
807.573 191.831 
811.276 184.066 
814.97 176.2 
818.653 168.234 
822.327 160.168 
825.99 152.003 
829.644 143.737 
833.287 135.371 
836.921 126.906 
840.544 118.34 
844.158 109.674 
847.761 100.908 
851.355 92.0426 
854.938 83.0769 
858.512 74.0112 
862.075 64.8454 
865.629 55.5797 
869.172 46.214 
872.706 36.7483 
876.229 27.1825 
879.743 17.5168 
883.246 7.75106 
886.74 -2.11467 
1198
<end of output>
Test time =   0.16 sec
----------------------------------------------------------
Test Passed.
"canvas_test" end time: May 27 13:00 CEST
"canvas_test" time elapsed: 00:00:00
----------------------------------------------------------

End testing: May 27 13:00 CEST
