Start testing: Aug 05 19:05 IST
----------------------------------------------------------
Unable to find executable: /Users/arnav25/Desktop/3D_Renderer/build/tests/tuple_test
1/4 Testing: tuple_test
1/4 Test: tuple_test
Command: ""
Directory: /Users/arnav25/Desktop/3D_Renderer/build/tests
"tuple_test" start time: 
Output:
----------------------------------------------------------
<end of output>
Test time =   0.00 sec
----------------------------------------------------------
Test Passed.
"tuple_test" end time: Aug 05 19:05 IST
"tuple_test" time elapsed: 00:00:00
----------------------------------------------------------

Unable to find executable: /Users/arnav25/Desktop/3D_Renderer/build/tests/canvas_test
2/4 Testing: canvas_test
2/4 Test: canvas_test
Command: ""
Directory: /Users/arnav25/Desktop/3D_Renderer/build/tests
"canvas_test" start time: 
Output:
----------------------------------------------------------
<end of output>
Test time =   0.00 sec
----------------------------------------------------------
Test Passed.
"canvas_test" end time: Aug 05 19:05 IST
"canvas_test" time elapsed: 00:00:00
----------------------------------------------------------

Unable to find executable: /Users/arnav25/Desktop/3D_Renderer/build/tests/matrix_test
3/4 Testing: matrix_test
3/4 Test: matrix_test
Command: ""
Directory: /Users/arnav25/Desktop/3D_Renderer/build/tests
"matrix_test" start time: 
Output:
----------------------------------------------------------
<end of output>
Test time =   0.00 sec
----------------------------------------------------------
Test Passed.
"matrix_test" end time: Aug 05 19:05 IST
"matrix_test" time elapsed: 00:00:00
----------------------------------------------------------

Unable to find executable: /Users/arnav25/Desktop/3D_Renderer/build/tests/ray_test
4/4 Testing: ray_test
4/4 Test: ray_test
Command: ""
Directory: /Users/arnav25/Desktop/3D_Renderer/build/tests
"ray_test" start time: 
Output:
----------------------------------------------------------
<end of output>
Test time =   0.00 sec
----------------------------------------------------------
Test Passed.
"ray_test" end time: Aug 05 19:05 IST
"ray_test" time elapsed: 00:00:00
----------------------------------------------------------

End testing: Aug 05 19:05 IST
