<?xml version="1.0" encoding="UTF-8"?>
<Site BuildName="(empty)"
	BuildStamp="20220527-1100-Experimental"
	Name="(empty)"
	Generator="ctest-3.22.1"
	CompilerName=""
	CompilerVersion=""
	OSName="macOS"
	Hostname="Arnavs-MacBook-Air.local"
	OSRelease="12.1"
	OSVersion="21C52"
	OSPlatform="arm64"
	Is64Bits="1"
	VendorString="IBM"
	VendorID="IBM"
	FamilyID="16777228"
	ModelID="2"
	ProcessorCacheSize="131072"
	NumberOfLogicalCPU="8"
	NumberOfPhysicalCPU="8"
	TotalVirtualMemory="1024"
	TotalPhysicalMemory="16384"
	LogicalProcessorsPerPhysical="8"
	ProcessorClockFrequency="0"
	>
	<Testing>
		<StartDateTime>May 27 13:00 CEST</StartDateTime>
		<StartTestTime>1653649258</StartTestTime>
		<TestList>
			<Test>./tests/tuple_test</Test>
			<Test>./tests/canvas_test</Test>
		</TestList>
		<Test Status="passed">
			<Name>tuple_test</Name>
			<Path>./tests</Path>
			<FullName>./tests/tuple_test</FullName>
			<FullCommandLine>/Users/arnav25/Desktop/3D_Renderer/build/tests/tuple_test</FullCommandLine>
			<Results>
				<NamedMeasurement type="numeric/double" name="Execution Time">
					<Value>0.0048405</Value>
				</NamedMeasurement>
				<NamedMeasurement type="numeric/double" name="Processors">
					<Value>1</Value>
				</NamedMeasurement>
				<NamedMeasurement type="text/string" name="Completion Status">
					<Value>Completed</Value>
				</NamedMeasurement>
				<NamedMeasurement type="text/string" name="Command Line">
					<Value>/Users/arnav25/Desktop/3D_Renderer/build/tests/tuple_test</Value>
				</NamedMeasurement>
				<NamedMeasurement type="text/string" name="Environment">
					<Value>#CTEST_RESOURCE_GROUP_COUNT=</Value>
				</NamedMeasurement>
				<Measurement>
					<Value encoding="base64" compression="gzip">eJyVkztvwjAQgPf8ihthIAFaxg6V0nao+lAKXRBCxj6C1cSO/Ejpv6+dIARRFac3nX2fv7NsXWaF4CKHknAxGsNeyRKSlUalE6IEqeeLJEX9ZWSV3KTbDAVDhSrJpcwLNKjNZaoVTXKfbb0upjRa351jA9mp12wBHtJtt1mzAG25wThaT86xgadC7kjR1lHUXElRonAsmomtOvC19eFIyqrApd+J1pCtXqGJzVUlXlqXprjnghsuhSPbeHsOkDCaQqnHPep3yYUZpO6QYfUnUiPVIHcXDcvvGWtIv+oRX2LDpY+EFwOkHgtLP+zOKEIHXLZD/ksduHKHDKtTXgeUJyKseiG5+1XLsEd2Zv7WxXEcLQ8Iyj+L3INxeTNv0prKGvgm2tVKWSMDzQVF4G4WjxSR6RY+uKMHWTB/ejad38Luxwni6BfB9GQt====</Value>
				</Measurement>
			</Results>
		</Test>
		<Test Status="passed">
			<Name>canvas_test</Name>
			<Path>./tests</Path>
			<FullName>./tests/canvas_test</FullName>
			<FullCommandLine>/Users/arnav25/Desktop/3D_Renderer/build/tests/canvas_test</FullCommandLine>
			<Results>
				<NamedMeasurement type="numeric/double" name="Execution Time">
					<Value>0.158536</Value>
				</NamedMeasurement>
				<NamedMeasurement type="numeric/double" name="Processors">
					<Value>1</Value>
				</NamedMeasurement>
				<NamedMeasurement type="text/string" name="Completion Status">
					<Value>Completed</Value>
				</NamedMeasurement>
				<NamedMeasurement type="text/string" name="Command Line">
					<Value>/Users/arnav25/Desktop/3D_Renderer/build/tests/canvas_test</Value>
				</NamedMeasurement>
				<NamedMeasurement type="text/string" name="Environment">
					<Value>#CTEST_RESOURCE_GROUP_COUNT=</Value>
				</NamedMeasurement>
				<Measurement>
					<Value encoding="base64" compression="gzip">eJwlk1tyFTEMRP9nFVqBynrYlvfBBoBcKqkCQpEbHrvn6PI145bkllrtOYecMa6puSJLbGhFhlz8HNviQ+eqyXlprJESQ314yeWm+8SROLpjG8BWt52SR20bV4TrinFkls4xF0DpiExZm5Jz5MrQ9H1kL62dDlBaRm1NPaNSrplqRV8ntUgFODqzgkZD1wZYSarRubmm0cemw5xk0OFIaPfUuYsMp5bOi9GGu1j3Y5DUovO5xZIhIbuO6bRDBvQTsuvQoEFvy3UjC/K4jrPEYNvTGtgaJOzS/3pZT08XXD69z1urSGASn5CahzKpDwOvPhcKJ8BBlK6IgJwVIH3N5qTfGibuiHKaM1MHO/EwSpq0tT8FgORM3v1HUZFIcJq05YPdp9NVsyLfRj0nEKtZ12EXlKzFgM2KfMOm+Gb0aFb0M1RiceqrWdkWUXG+q9dqZ0BLyfFeeAP4qw5AUdLmGfiqHDel5vAGqF1LAt8lOmKv0SYBYCcPe9lk+pBwx4HQOt4spgyM10YEwDUSLRs2vByrHjYQONRGkwZxhMSCeKhJk4w+98irzyRQGnOqtZV8krDIWA9PNdBXGECP3JxEjlPSrmvTo8hjn9GytZecSCUlyLWrWYls1IlidmtaBO0dRNXj8ushJA3GiYeOlyPonJQcXo41bQs6jyTuObPfGoIGPsvB2tpOgaAMLImO1nZqZY3XmIZpHq+Rn6Oq14fnm/y8vd3l9Yvc+b8//t/vP97v8vvjG7Fvr79uT/L28v3zTV7ucvvz+XZ7evuf/Ezp8+vXp67mVaR8+ssFev0DNeXZOw==</Value>
				</Measurement>
			</Results>
		</Test>
		<EndDateTime>May 27 13:00 CEST</EndDateTime>
		<EndTestTime>1653649258</EndTestTime>
		<ElapsedMinutes>0</ElapsedMinutes>
	</Testing>
</Site>
